2021-05-21 10:07:58 - utils.py:27 - WARNING - generator.py:17 remove "import paddle.fluid.layers as layers"
2021-05-21 10:07:58 - utils.py:23 - INFO - generator.py:109 layers -> paddle.fluid.layers
2021-05-21 10:07:58 - utils.py:23 - INFO - generator.py:110 layers -> paddle.fluid.layers
2021-05-21 10:07:58 - utils.py:23 - INFO - generator.py:111 layers -> paddle.fluid.layers
2021-05-21 10:07:58 - utils.py:23 - INFO - generator.py:120 layers -> paddle.fluid.layers
2021-05-21 10:07:58 - utils.py:23 - INFO - generator.py:126 layers -> paddle.fluid.layers
2021-05-21 10:07:58 - utils.py:23 - INFO - generator.py:131 layers -> paddle.fluid.layers
2021-05-21 10:07:58 - utils.py:23 - INFO - generator.py:132 layers -> paddle.fluid.layers
2021-05-21 10:07:58 - utils.py:23 - INFO - generator.py:140 layers -> paddle.fluid.layers
2021-05-21 10:07:58 - utils.py:23 - INFO - generator.py:143 layers -> paddle.fluid.layers
2021-05-21 10:07:58 - utils.py:23 - INFO - generator.py:146 layers -> paddle.fluid.layers
2021-05-21 10:07:58 - utils.py:23 - INFO - generator.py:150 layers -> paddle.fluid.layers
2021-05-21 10:07:58 - utils.py:23 - INFO - generator.py:153 layers -> paddle.fluid.layers
2021-05-21 10:07:58 - utils.py:23 - INFO - generator.py:156 layers -> paddle.fluid.layers
2021-05-21 10:07:58 - utils.py:23 - INFO - generator.py:160 layers -> paddle.fluid.layers
2021-05-21 10:07:58 - utils.py:23 - INFO - generator.py:162 layers -> paddle.fluid.layers
2021-05-21 10:07:58 - utils.py:23 - INFO - generator.py:163 layers -> paddle.fluid.layers
2021-05-21 10:07:58 - utils.py:23 - INFO - generator.py:164 layers -> paddle.fluid.layers
2021-05-21 10:07:58 - utils.py:23 - INFO - generator.py:167 layers -> paddle.fluid.layers
2021-05-21 10:07:58 - utils.py:23 - INFO - generator.py:168 layers -> paddle.fluid.layers
2021-05-21 10:07:58 - utils.py:23 - INFO - generator.py:171 layers -> paddle.fluid.layers
2021-05-21 10:07:58 - utils.py:23 - INFO - generator.py:172 layers -> paddle.fluid.layers
2021-05-21 10:07:58 - utils.py:23 - INFO - generator.py:173 layers -> paddle.fluid.layers
2021-05-21 10:07:58 - utils.py:23 - INFO - generator.py:174 layers -> paddle.fluid.layers
2021-05-21 10:07:58 - utils.py:23 - INFO - generator.py:176 layers -> paddle.fluid.layers
2021-05-21 10:07:58 - utils.py:23 - INFO - generator.py:186 layers -> paddle.fluid.layers
2021-05-21 10:07:58 - utils.py:23 - INFO - generator.py:187 layers -> paddle.fluid.layers
2021-05-21 10:07:58 - utils.py:23 - INFO - generator.py:188 layers -> paddle.fluid.layers
2021-05-21 10:07:58 - utils.py:23 - INFO - generator.py:188 layers -> paddle.fluid.layers
2021-05-21 10:07:58 - utils.py:23 - INFO - generator.py:189 layers -> paddle.fluid.layers
2021-05-21 10:07:58 - utils.py:23 - INFO - generator.py:194 layers -> paddle.fluid.layers
2021-05-21 10:07:58 - utils.py:23 - INFO - generator.py:194 layers -> paddle.fluid.layers
2021-05-21 10:07:58 - utils.py:23 - INFO - generator.py:196 layers -> paddle.fluid.layers
2021-05-21 10:07:58 - utils.py:23 - INFO - generator.py:198 layers -> paddle.fluid.layers
2021-05-21 10:07:58 - utils.py:23 - INFO - generator.py:199 layers -> paddle.fluid.layers
2021-05-21 10:07:58 - utils.py:23 - INFO - generator.py:200 layers -> paddle.fluid.layers
2021-05-21 10:07:58 - utils.py:23 - INFO - generator.py:204 layers -> paddle.fluid.layers
2021-05-21 10:07:58 - utils.py:23 - INFO - generator.py:205 layers -> paddle.fluid.layers
2021-05-21 10:07:58 - utils.py:23 - INFO - generator.py:207 layers -> paddle.fluid.layers
2021-05-21 10:07:58 - utils.py:23 - INFO - generator.py:208 layers -> paddle.fluid.layers
2021-05-21 10:07:58 - utils.py:23 - INFO - generator.py:209 layers -> paddle.fluid.layers
2021-05-21 10:07:58 - utils.py:23 - INFO - generator.py:210 layers -> paddle.fluid.layers
2021-05-21 10:07:58 - utils.py:23 - INFO - generator.py:212 layers -> paddle.fluid.layers
2021-05-21 10:07:58 - utils.py:23 - INFO - generator.py:213 layers -> paddle.fluid.layers
2021-05-21 10:07:58 - utils.py:23 - INFO - generator.py:214 layers -> paddle.fluid.layers
2021-05-21 10:07:58 - utils.py:23 - INFO - generator.py:215 layers -> paddle.fluid.layers
2021-05-21 10:07:58 - utils.py:23 - INFO - generator.py:216 layers -> paddle.fluid.layers
2021-05-21 10:07:58 - utils.py:23 - INFO - generator.py:233 layers -> paddle.fluid.layers
2021-05-21 10:07:58 - utils.py:23 - INFO - generator.py:234 layers -> paddle.fluid.layers
2021-05-21 10:07:58 - utils.py:23 - INFO - generator.py:234 layers -> paddle.fluid.layers
2021-05-21 10:07:58 - utils.py:23 - INFO - generator.py:235 layers -> paddle.fluid.layers
2021-05-21 10:07:58 - utils.py:23 - INFO - generator.py:237 layers -> paddle.fluid.layers
2021-05-21 10:07:58 - utils.py:23 - INFO - generator.py:14 add "import paddle"
2021-05-21 10:07:58 - utils.py:23 - INFO - generator.py:1 paddle.fluid.layers.softmax -> paddle.fluid.layers.nn.softmax
2021-05-21 10:07:58 - utils.py:23 - INFO - generator.py:1 paddle.fluid.layers.topk -> paddle.fluid.layers.nn.topk
2021-05-21 10:07:58 - utils.py:23 - INFO - generator.py:1 paddle.fluid.layers.topk -> paddle.fluid.layers.nn.topk
2021-05-21 10:07:58 - utils.py:23 - INFO - generator.py:1 paddle.fluid.layers.argsort -> paddle.fluid.layers.tensor.argsort
2021-05-21 10:07:58 - utils.py:23 - INFO - generator.py:1 paddle.fluid.layers.cumsum -> paddle.fluid.layers.ops.cumsum
2021-05-21 10:07:58 - utils.py:23 - INFO - generator.py:1 paddle.fluid.layers.unsqueeze -> paddle.fluid.layers.nn.unsqueeze
2021-05-21 10:07:58 - utils.py:23 - INFO - generator.py:1 paddle.fluid.layers.unsqueeze -> paddle.fluid.layers.nn.unsqueeze
2021-05-21 10:07:58 - utils.py:23 - INFO - generator.py:1 paddle.fluid.layers.topk -> paddle.fluid.layers.nn.topk
2021-05-21 10:07:58 - utils.py:23 - INFO - generator.py:1 paddle.fluid.layers.pow -> paddle.fluid.layers.nn.pow
2021-05-21 10:07:58 - utils.py:23 - INFO - generator.py:1 paddle.fluid.layers.pow -> paddle.fluid.layers.nn.pow
2021-05-21 10:07:58 - utils.py:23 - INFO - generator.py:1 paddle.fluid.layers.logical_not -> paddle.fluid.layers.nn.logical_not
2021-05-21 10:07:58 - utils.py:23 - INFO - generator.py:1 paddle.fluid.layers.logical_and -> paddle.fluid.layers.nn.logical_and
2021-05-21 10:07:58 - utils.py:23 - INFO - generator.py:109 args_list: "['shape', 'dtype', 'value', 'force_cpu', 'out']" is longer than positional arguments, redundant arguments will be skipped.
2021-05-21 10:07:58 - utils.py:23 - INFO - generator.py:110 args_list: "['shape', 'dtype', 'value', 'force_cpu', 'out']" is longer than positional arguments, redundant arguments will be skipped.
2021-05-21 10:07:58 - utils.py:23 - INFO - generator.py:111 args_list: "['shape', 'dtype', 'value', 'force_cpu', 'out']" is longer than positional arguments, redundant arguments will be skipped.
2021-05-21 10:07:58 - utils.py:23 - INFO - generator.py:131 args_list: "['x', 'y', 'force_cpu', 'cond']" is longer than positional arguments, redundant arguments will be skipped.
2021-05-21 10:07:58 - utils.py:23 - INFO - generator.py:140 args_list: "['x', 'y', 'axis', 'act', 'name']" is longer than positional arguments, redundant arguments will be skipped.
2021-05-21 10:07:58 - utils.py:23 - INFO - generator.py:143 args_list: "['x', 'y', 'force_cpu', 'cond']" is longer than positional arguments, redundant arguments will be skipped.
2021-05-21 10:07:58 - utils.py:23 - INFO - generator.py:146 args_list: "['x', 'y', 'axis', 'act', 'name']" is longer than positional arguments, redundant arguments will be skipped.
2021-05-21 10:07:58 - utils.py:23 - INFO - generator.py:157 args_list: "['input', 'k', 'name']" is longer than positional arguments, redundant arguments will be skipped.
2021-05-21 10:07:58 - utils.py:23 - INFO - generator.py:162 args_list: "['input', 'k', 'name']" is longer than positional arguments, redundant arguments will be skipped.
2021-05-21 10:07:58 - utils.py:23 - INFO - generator.py:167 args_list: "['input', 'dim', 'keep_dim', 'name']" is longer than positional arguments, redundant arguments will be skipped.
2021-05-21 10:07:58 - utils.py:23 - INFO - generator.py:171 args_list: "['input', 'axis', 'descending', 'name']" is longer than positional arguments, redundant arguments will be skipped.
2021-05-21 10:07:58 - utils.py:23 - INFO - generator.py:186 args_list: "['input', 'dim', 'keep_dim', 'name']" is longer than positional arguments, redundant arguments will be skipped.
2021-05-21 10:07:58 - utils.py:23 - INFO - generator.py:196 args_list: "['input', 'k', 'name']" is longer than positional arguments, redundant arguments will be skipped.
2021-05-21 10:07:58 - utils.py:23 - INFO - generator.py:199 args_list: "['x', 'value', 'in_place']" is longer than positional arguments, redundant arguments will be skipped.
2021-05-21 10:07:58 - utils.py:23 - INFO - generator.py:205 args_list: "['x', 'y', 'axis', 'act', 'name']" is longer than positional arguments, redundant arguments will be skipped.
2021-05-21 10:07:58 - utils.py:23 - INFO - generator.py:210 args_list: "['x', 'y', 'axis', 'act', 'name']" is longer than positional arguments, redundant arguments will be skipped.
2021-05-21 10:07:58 - utils.py:23 - INFO - generator.py:213 args_list: "['x', 'y', 'axis', 'act', 'name']" is longer than positional arguments, redundant arguments will be skipped.
2021-05-21 10:07:58 - utils.py:23 - INFO - generator.py:233 args_list: "['x', 'y', 'force_cpu', 'cond']" is longer than positional arguments, redundant arguments will be skipped.
2021-05-21 10:07:58 - utils.py:23 - INFO - generator.py:234 args_list: "['x', 'cond']" is longer than positional arguments, redundant arguments will be skipped.
2021-05-21 10:07:58 - utils.py:23 - INFO - generator.py:109 rename argument "shape" to "shape".
2021-05-21 10:07:58 - utils.py:23 - INFO - generator.py:109 argument "dtype" is removed.
2021-05-21 10:07:58 - utils.py:23 - INFO - generator.py:109 rename argument "value" to "fill_value".
2021-05-21 10:07:58 - utils.py:23 - INFO - generator.py:109 argument "force_cpu" is removed.
2021-05-21 10:07:58 - utils.py:23 - INFO - generator.py:109 argument "out" not found.
2021-05-21 10:07:58 - utils.py:23 - INFO - generator.py:110 rename argument "shape" to "shape".
2021-05-21 10:07:58 - utils.py:23 - INFO - generator.py:110 argument "dtype" is removed.
2021-05-21 10:07:58 - utils.py:23 - INFO - generator.py:110 rename argument "value" to "fill_value".
2021-05-21 10:07:58 - utils.py:23 - INFO - generator.py:110 argument "force_cpu" is removed.
2021-05-21 10:07:58 - utils.py:23 - INFO - generator.py:110 argument "out" not found.
2021-05-21 10:07:58 - utils.py:23 - INFO - generator.py:111 rename argument "shape" to "shape".
2021-05-21 10:07:58 - utils.py:23 - INFO - generator.py:111 argument "dtype" is removed.
2021-05-21 10:07:58 - utils.py:23 - INFO - generator.py:111 rename argument "value" to "fill_value".
2021-05-21 10:07:58 - utils.py:23 - INFO - generator.py:111 argument "force_cpu" is removed.
2021-05-21 10:07:58 - utils.py:23 - INFO - generator.py:111 argument "out" not found.
2021-05-21 10:07:58 - utils.py:23 - INFO - generator.py:131 argument "force_cpu" not found.
2021-05-21 10:07:58 - utils.py:23 - INFO - generator.py:131 argument "cond" not found.
2021-05-21 10:07:58 - utils.py:23 - INFO - generator.py:140 argument "axis" is removed.
2021-05-21 10:07:58 - utils.py:23 - INFO - generator.py:140 argument "act" not found.
2021-05-21 10:07:58 - utils.py:23 - INFO - generator.py:143 argument "force_cpu" not found.
2021-05-21 10:07:58 - utils.py:23 - INFO - generator.py:143 argument "cond" not found.
2021-05-21 10:07:58 - utils.py:23 - INFO - generator.py:146 argument "axis" is removed.
2021-05-21 10:07:58 - utils.py:23 - INFO - generator.py:146 argument "act" not found.
2021-05-21 10:07:58 - utils.py:23 - INFO - generator.py:153 rename argument "input" to "x".
2021-05-21 10:07:58 - utils.py:23 - INFO - generator.py:153 argument "use_cudnn" not found.
2021-05-21 10:07:58 - utils.py:23 - INFO - generator.py:156 rename argument "input" to "x".
2021-05-21 10:07:58 - utils.py:23 - INFO - generator.py:162 rename argument "input" to "x".
2021-05-21 10:07:58 - utils.py:23 - INFO - generator.py:164 argument "cond" not found.
2021-05-21 10:07:58 - utils.py:23 - INFO - generator.py:167 rename argument "input" to "x".
2021-05-21 10:07:58 - utils.py:23 - INFO - generator.py:167 rename argument "dim" to "axis".
2021-05-21 10:07:58 - utils.py:23 - INFO - generator.py:167 rename argument "keep_dim" to "keepdim".
2021-05-21 10:07:58 - utils.py:23 - INFO - generator.py:171 rename argument "input" to "x".
2021-05-21 10:07:58 - utils.py:23 - INFO - generator.py:174 argument "force_cpu" not found.
2021-05-21 10:07:58 - utils.py:23 - INFO - generator.py:174 argument "cond" not found.
2021-05-21 10:07:58 - utils.py:23 - INFO - generator.py:186 rename argument "input" to "x".
2021-05-21 10:07:58 - utils.py:23 - INFO - generator.py:186 rename argument "dim" to "axis".
2021-05-21 10:07:58 - utils.py:23 - INFO - generator.py:186 rename argument "keep_dim" to "keepdim".
2021-05-21 10:07:58 - utils.py:23 - INFO - generator.py:188 rename argument "input" to "x".
2021-05-21 10:07:58 - utils.py:23 - INFO - generator.py:188 rename argument "axes" to "axis".
2021-05-21 10:07:58 - utils.py:23 - INFO - generator.py:189 rename argument "input" to "x".
2021-05-21 10:07:58 - utils.py:23 - INFO - generator.py:189 rename argument "axes" to "axis".
2021-05-21 10:07:58 - utils.py:23 - INFO - generator.py:194 rename argument "input" to "x".
2021-05-21 10:07:58 - utils.py:23 - INFO - generator.py:194 rename argument "axes" to "axis".
2021-05-21 10:07:58 - utils.py:23 - INFO - generator.py:196 rename argument "input" to "x".
2021-05-21 10:07:58 - utils.py:23 - INFO - generator.py:199 argument "in_place" is removed.
2021-05-21 10:07:58 - utils.py:23 - INFO - generator.py:204 argument "axis" is removed.
2021-05-21 10:07:58 - utils.py:23 - INFO - generator.py:204 argument "act" not found.
2021-05-21 10:07:58 - utils.py:23 - INFO - generator.py:207 rename argument "factor" to "y".
2021-05-21 10:07:58 - utils.py:23 - INFO - generator.py:208 rename argument "factor" to "y".
2021-05-21 10:07:58 - utils.py:23 - INFO - generator.py:209 argument "axis" is removed.
2021-05-21 10:07:58 - utils.py:23 - INFO - generator.py:209 argument "act" not found.
2021-05-21 10:07:58 - utils.py:23 - INFO - generator.py:212 argument "axis" is removed.
2021-05-21 10:07:58 - utils.py:23 - INFO - generator.py:212 argument "act" not found.
2021-05-21 10:07:58 - utils.py:23 - INFO - generator.py:233 argument "force_cpu" not found.
2021-05-21 10:07:58 - utils.py:23 - INFO - generator.py:233 argument "cond" not found.
2021-05-21 10:07:58 - utils.py:23 - INFO - generator.py:234 argument "cond" not found.
2021-05-21 10:07:58 - utils.py:27 - WARNING - generator.py:1 this api is update to paddle.cumsum
2021-05-21 10:07:58 - utils.py:27 - WARNING - generator.py:1 input->x, depth->num_classes, x'elements must less than num_classes.

#################### STATISTIC ####################
filename: generator.py
WARNING: generator.py:17 remove "import paddle.fluid.layers as layers"
WARNING: generator.py:1 this api is update to paddle.cumsum
WARNING: generator.py:1 input->x, depth->num_classes, x'elements must less than num_classes.
---------------------------------------------------
###################################################
